This is pdfTeX, Version 3.141592653-2.6-1.40.24 (MiKTeX 22.12) (preloaded format=pdflatex 2023.1.22)  15 MAY 2023 11:29
entering extended mode
 restricted \write18 enabled.
 %&-line parsing enabled.
**./main.tex
(main.tex
LaTeX2e <2022-11-01> patch level 1
L3 programming layer <2023-01-16>
(C:\Users\majko\AppData\Local\Programs\MiKTeX\tex/latex/base\book.cls
Document Class: book 2022/07/02 v1.4n Standard LaTeX document class
(C:\Users\majko\AppData\Local\Programs\MiKTeX\tex/latex/base\bk12.clo
File: bk12.clo 2022/07/02 v1.4n Standard LaTeX file (size option)
)
\c@part=\count185
\c@chapter=\count186
\c@section=\count187
\c@subsection=\count188
\c@subsubsection=\count189
\c@paragraph=\count190
\c@subparagraph=\count191
\c@figure=\count192
\c@table=\count193
\abovecaptionskip=\skip48
\belowcaptionskip=\skip49
\bibindent=\dimen140
)
(C:\Users\majko\AppData\Local\Programs\MiKTeX\tex/latex/geometry\geometry.sty
Package: geometry 2020/01/02 v5.9 Page Geometry

(C:\Users\majko\AppData\Local\Programs\MiKTeX\tex/latex/graphics\keyval.sty
Package: keyval 2022/05/29 v1.15 key=value parser (DPC)
\KV@toks@=\toks16
)
(C:\Users\majko\AppData\Local\Programs\MiKTeX\tex/generic/iftex\ifvtex.sty
Package: ifvtex 2019/10/25 v1.7 ifvtex legacy package. Use iftex instead.

(C:\Users\majko\AppData\Local\Programs\MiKTeX\tex/generic/iftex\iftex.sty
Package: iftex 2022/02/03 v1.0f TeX engine tests
))
\Gm@cnth=\count194
\Gm@cntv=\count195
\c@Gm@tempcnt=\count196
\Gm@bindingoffset=\dimen141
\Gm@wd@mp=\dimen142
\Gm@odd@mp=\dimen143
\Gm@even@mp=\dimen144
\Gm@layoutwidth=\dimen145
\Gm@layoutheight=\dimen146
\Gm@layouthoffset=\dimen147
\Gm@layoutvoffset=\dimen148
\Gm@dimlist=\toks17

(C:\Users\majko\AppData\Local\Programs\MiKTeX\tex/latex/geometry\geometry.cfg))
(C:\Users\majko\AppData\Local\Programs\MiKTeX\tex/latex/base\inputenc.sty
Package: inputenc 2021/02/14 v1.3d Input encoding file
\inpenc@prehook=\toks18
\inpenc@posthook=\toks19
)
(C:\Users\majko\AppData\Local\Programs\MiKTeX\tex/latex/base\fontenc.sty
Package: fontenc 2021/04/29 v2.0v Standard LaTeX package
)
(C:\Users\majko\AppData\Local\Programs\MiKTeX\tex/generic/babel\babel.sty
Package: babel 2022/12/26 3.84 The Babel package
\babel@savecnt=\count197
\U@D=\dimen149
\l@unhyphenated=\language79

(C:\Users\majko\AppData\Local\Programs\MiKTeX\tex/generic/babel\txtbabel.def)
\bbl@readstream=\read2
\bbl@dirlevel=\count198

*************************************
* Local config file bblopts.cfg used
*
(C:\Users\majko\AppData\Local\Programs\MiKTeX\tex/latex/arabi\bblopts.cfg
File: bblopts.cfg 2005/09/08 v0.1 add Arabic and Farsi to "declared" options of
 babel
)
(C:\Users\majko\AppData\Local\Programs\MiKTeX\tex/latex/babel-slovak\slovak.ldf
Language: slovak 2008/07/06 v3.1a Slovak support from the babel system
Package babel Info: Making ^ an active character on input line 123.
Package babel Info: Making " an active character on input line 126.
Package babel Info: Making ' an active character on input line 129.
\cs@wordlen=\count199
Package babel Info: Making - an active character on input line 294.
))
(C:\Users\majko\AppData\Local\Programs\MiKTeX\tex/generic/babel/locale/sk\babel
-slovak.tex
Package babel Info: Importing font and identification data for slovak
(babel)             from babel-sk.ini. Reported on input line 11.
)
(C:\Users\majko\AppData\Local\Programs\MiKTeX\tex/latex/listings\listings.sty
\lst@mode=\count266
\lst@gtempboxa=\box51
\lst@token=\toks20
\lst@length=\count267
\lst@currlwidth=\dimen150
\lst@column=\count268
\lst@pos=\count269
\lst@lostspace=\dimen151
\lst@width=\dimen152
\lst@newlines=\count270
\lst@lineno=\count271
\lst@maxwidth=\dimen153

(C:\Users\majko\AppData\Local\Programs\MiKTeX\tex/latex/listings\lstmisc.sty
File: lstmisc.sty 2020/03/24 1.8d (Carsten Heinz)
\c@lstnumber=\count272
\lst@skipnumbers=\count273
\lst@framebox=\box52
)
(C:\Users\majko\AppData\Local\Programs\MiKTeX\tex/latex/listings\listings.cfg
File: listings.cfg 2020/03/24 1.8d listings configuration
))
Package: listings 2020/03/24 1.8d (Carsten Heinz)
(C:\Users\majko\AppData\Local\Programs\MiKTeX\tex/latex/graphics\graphicx.sty
Package: graphicx 2021/09/16 v1.2d Enhanced LaTeX Graphics (DPC,SPQR)

(C:\Users\majko\AppData\Local\Programs\MiKTeX\tex/latex/graphics\graphics.sty
Package: graphics 2022/03/10 v1.4e Standard LaTeX Graphics (DPC,SPQR)

(C:\Users\majko\AppData\Local\Programs\MiKTeX\tex/latex/graphics\trig.sty
Package: trig 2021/08/11 v1.11 sin cos tan (DPC)
)
(C:\Users\majko\AppData\Local\Programs\MiKTeX\tex/latex/graphics-cfg\graphics.c
fg
File: graphics.cfg 2016/06/04 v1.11 sample graphics configuration
)
Package graphics Info: Driver file: pdftex.def on input line 107.

(C:\Users\majko\AppData\Local\Programs\MiKTeX\tex/latex/graphics-def\pdftex.def
File: pdftex.def 2022/09/22 v1.2b Graphics/color driver for pdftex
))
\Gin@req@height=\dimen154
\Gin@req@width=\dimen155
)
(C:\Users\majko\AppData\Local\Programs\MiKTeX\tex/latex/pdfpages\pdfpages.sty
Package: pdfpages 2022/12/19 v0.5x Insert pages of external PDF documents (AM)

(C:\Users\majko\AppData\Local\Programs\MiKTeX\tex/latex/base\ifthen.sty
Package: ifthen 2022/04/13 v1.1d Standard LaTeX ifthen package (DPC)
)
(C:\Users\majko\AppData\Local\Programs\MiKTeX\tex/latex/tools\calc.sty
Package: calc 2017/05/25 v4.3 Infix arithmetic (KKT,FJ)
\calc@Acount=\count274
\calc@Bcount=\count275
\calc@Adimen=\dimen156
\calc@Bdimen=\dimen157
\calc@Askip=\skip50
\calc@Bskip=\skip51
LaTeX Info: Redefining \setlength on input line 80.
LaTeX Info: Redefining \addtolength on input line 81.
\calc@Ccount=\count276
\calc@Cskip=\skip52
)
(C:\Users\majko\AppData\Local\Programs\MiKTeX\tex/latex/eso-pic\eso-pic.sty
Package: eso-pic 2020/10/14 v3.0a eso-pic (RN)
\ESO@tempdima=\dimen158
\ESO@tempdimb=\dimen159

(C:\Users\majko\AppData\Local\Programs\MiKTeX\tex/latex/xcolor\xcolor.sty
Package: xcolor 2022/06/12 v2.14 LaTeX color extensions (UK)

(C:\Users\majko\AppData\Local\Programs\MiKTeX\tex/latex/graphics-cfg\color.cfg
File: color.cfg 2016/01/02 v1.6 sample color configuration
)
Package xcolor Info: Driver file: pdftex.def on input line 227.
(C:\Users\majko\AppData\Local\Programs\MiKTeX\tex/latex/graphics\mathcolor.ltx)
Package xcolor Info: Model `cmy' substituted by `cmy0' on input line 1353.
Package xcolor Info: Model `hsb' substituted by `rgb' on input line 1357.
Package xcolor Info: Model `RGB' extended on input line 1369.
Package xcolor Info: Model `HTML' substituted by `rgb' on input line 1371.
Package xcolor Info: Model `Hsb' substituted by `hsb' on input line 1372.
Package xcolor Info: Model `tHsb' substituted by `hsb' on input line 1373.
Package xcolor Info: Model `HSB' substituted by `hsb' on input line 1374.
Package xcolor Info: Model `Gray' substituted by `gray' on input line 1375.
Package xcolor Info: Model `wave' substituted by `hsb' on input line 1376.
))
\AM@pagewidth=\dimen160
\AM@pageheight=\dimen161
\AM@fboxrule=\dimen162

(C:\Users\majko\AppData\Local\Programs\MiKTeX\tex/latex/pdfpages\pppdftex.def
File: pppdftex.def 2022/12/19 v0.5x Pdfpages driver for pdfTeX (AM)
)
\pdfpages@includegraphics@status=\count277
\AM@pagebox=\box53
\AM@global@opts=\toks21
\AM@pagecnt=\count278
\AM@toc@title=\toks22
\AM@lof@heading=\toks23
\c@AM@survey=\count279
\AM@templatesizebox=\box54
) (C:\Users\majko\AppData\Local\Programs\MiKTeX\tex/latex/url\url.sty
\Urlmuskip=\muskip16
Package: url 2013/09/16  ver 3.4  Verb mode for urls, etc.
)
(C:\Users\majko\AppData\Local\Programs\MiKTeX\tex/latex/hyperref\hyperref.sty
Package: hyperref 2022-11-13 v7.00u Hypertext links for LaTeX

(C:\Users\majko\AppData\Local\Programs\MiKTeX\tex/generic/ltxcmds\ltxcmds.sty
Package: ltxcmds 2020-05-10 v1.25 LaTeX kernel commands for general use (HO)
)
(C:\Users\majko\AppData\Local\Programs\MiKTeX\tex/generic/pdftexcmds\pdftexcmds
.sty
Package: pdftexcmds 2020-06-27 v0.33 Utility functions of pdfTeX for LuaTeX (HO
)

(C:\Users\majko\AppData\Local\Programs\MiKTeX\tex/generic/infwarerr\infwarerr.s
ty
Package: infwarerr 2019/12/03 v1.5 Providing info/warning/error messages (HO)
)
Package pdftexcmds Info: \pdf@primitive is available.
Package pdftexcmds Info: \pdf@ifprimitive is available.
Package pdftexcmds Info: \pdfdraftmode found.
)
(C:\Users\majko\AppData\Local\Programs\MiKTeX\tex/latex/kvsetkeys\kvsetkeys.sty
Package: kvsetkeys 2022-10-05 v1.19 Key value parser (HO)
)
(C:\Users\majko\AppData\Local\Programs\MiKTeX\tex/generic/kvdefinekeys\kvdefine
keys.sty
Package: kvdefinekeys 2019-12-19 v1.6 Define keys (HO)
)
(C:\Users\majko\AppData\Local\Programs\MiKTeX\tex/generic/pdfescape\pdfescape.s
ty
Package: pdfescape 2019/12/09 v1.15 Implements pdfTeX's escape features (HO)
) (C:\Users\majko\AppData\Local\Programs\MiKTeX\tex/latex/hycolor\hycolor.sty
Package: hycolor 2020-01-27 v1.10 Color options for hyperref/bookmark (HO)
)
(C:\Users\majko\AppData\Local\Programs\MiKTeX\tex/latex/letltxmacro\letltxmacro
.sty
Package: letltxmacro 2019/12/03 v1.6 Let assignment for LaTeX macros (HO)
)
(C:\Users\majko\AppData\Local\Programs\MiKTeX\tex/latex/auxhook\auxhook.sty
Package: auxhook 2019-12-17 v1.6 Hooks for auxiliary files (HO)
)
(C:\Users\majko\AppData\Local\Programs\MiKTeX\tex/latex/hyperref\nameref.sty
Package: nameref 2022-05-17 v2.50 Cross-referencing by name of section

(C:\Users\majko\AppData\Local\Programs\MiKTeX\tex/latex/refcount\refcount.sty
Package: refcount 2019/12/15 v3.6 Data extraction from label references (HO)
)
(C:\Users\majko\AppData\Local\Programs\MiKTeX\tex/generic/gettitlestring\gettit
lestring.sty
Package: gettitlestring 2019/12/15 v1.6 Cleanup title references (HO)

(C:\Users\majko\AppData\Local\Programs\MiKTeX\tex/latex/kvoptions\kvoptions.sty
Package: kvoptions 2022-06-15 v3.15 Key value format for package options (HO)
))
\c@section@level=\count280
)
\@linkdim=\dimen163
\Hy@linkcounter=\count281
\Hy@pagecounter=\count282
 (C:\Users\majko\AppData\Local\Programs\MiKTeX\tex/latex/hyperref\pd1enc.def
File: pd1enc.def 2022-11-13 v7.00u Hyperref: PDFDocEncoding definition (HO)
Now handling font encoding PD1 ...
... no UTF-8 mapping file for font encoding PD1
) (C:\Users\majko\AppData\Local\Programs\MiKTeX\tex/generic/intcalc\intcalc.sty
Package: intcalc 2019/12/15 v1.3 Expandable calculations with integers (HO)
)
(C:\Users\majko\AppData\Local\Programs\MiKTeX\tex/generic/etexcmds\etexcmds.sty
Package: etexcmds 2019/12/15 v1.7 Avoid name clashes with e-TeX commands (HO)
)
\Hy@SavedSpaceFactor=\count283
 (C:\Users\majko\AppData\Local\Programs\MiKTeX\tex/latex/hyperref\puenc.def
File: puenc.def 2022-11-13 v7.00u Hyperref: PDF Unicode definition (HO)
Now handling font encoding PU ...
... no UTF-8 mapping file for font encoding PU
)
Package hyperref Info: Option `breaklinks' set `true' on input line 4045.
Package hyperref Info: Hyper figures OFF on input line 4162.
Package hyperref Info: Link nesting OFF on input line 4167.
Package hyperref Info: Hyper index ON on input line 4170.
Package hyperref Info: Plain pages OFF on input line 4177.
Package hyperref Info: Backreferencing OFF on input line 4182.
Package hyperref Info: Implicit mode ON; LaTeX internals redefined.
Package hyperref Info: Bookmarks ON on input line 4410.
\c@Hy@tempcnt=\count284
LaTeX Info: Redefining \url on input line 4748.
\XeTeXLinkMargin=\dimen164

(C:\Users\majko\AppData\Local\Programs\MiKTeX\tex/generic/bitset\bitset.sty
Package: bitset 2019/12/09 v1.3 Handle bit-vector datatype (HO)

(C:\Users\majko\AppData\Local\Programs\MiKTeX\tex/generic/bigintcalc\bigintcalc
.sty
Package: bigintcalc 2019/12/15 v1.5 Expandable calculations on big integers (HO
)
))
\Fld@menulength=\count285
\Field@Width=\dimen165
\Fld@charsize=\dimen166
Package hyperref Info: Hyper figures OFF on input line 6027.
Package hyperref Info: Link nesting OFF on input line 6032.
Package hyperref Info: Hyper index ON on input line 6035.
Package hyperref Info: backreferencing OFF on input line 6042.
Package hyperref Info: Link coloring OFF on input line 6047.
Package hyperref Info: Link coloring with OCG OFF on input line 6052.
Package hyperref Info: PDF/A mode OFF on input line 6057.

(C:\Users\majko\AppData\Local\Programs\MiKTeX\tex/latex/base\atbegshi-ltx.sty
Package: atbegshi-ltx 2021/01/10 v1.0c Emulation of the original atbegshi
package with kernel methods
)
\Hy@abspage=\count286
\c@Item=\count287
\c@Hfootnote=\count288
)
Package hyperref Info: Driver (autodetected): hpdftex.
(C:\Users\majko\AppData\Local\Programs\MiKTeX\tex/latex/hyperref\hpdftex.def
File: hpdftex.def 2022-11-13 v7.00u Hyperref driver for pdfTeX

(C:\Users\majko\AppData\Local\Programs\MiKTeX\tex/latex/base\atveryend-ltx.sty
Package: atveryend-ltx 2020/08/19 v1.0a Emulation of the original atveryend pac
kage
with kernel methods
)
\Fld@listcount=\count289
\c@bookmark@seq@number=\count290

(C:\Users\majko\AppData\Local\Programs\MiKTeX\tex/latex/rerunfilecheck\rerunfil
echeck.sty
Package: rerunfilecheck 2022-07-10 v1.10 Rerun checks for auxiliary files (HO)

(C:\Users\majko\AppData\Local\Programs\MiKTeX\tex/generic/uniquecounter\uniquec
ounter.sty
Package: uniquecounter 2019/12/15 v1.4 Provide unlimited unique counter (HO)
)
Package uniquecounter Info: New unique counter `rerunfilecheck' on input line 2
85.
)
\Hy@SectionHShift=\skip53
)
(C:\Users\majko\AppData\Local\Programs\MiKTeX\tex/latex/multirow\multirow.sty
Package: multirow 2021/03/15 v2.8 Span multiple rows of a table
\multirow@colwidth=\skip54
\multirow@cntb=\count291
\multirow@dima=\skip55
\bigstrutjot=\dimen167
)
(C:\Users\majko\AppData\Local\Programs\MiKTeX\tex/latex/l3backend\l3backend-pdf
tex.def
File: l3backend-pdftex.def 2023-01-16 L3 backend support: PDF output (pdfTeX)
\l__color_backend_stack_int=\count292
\l__pdf_internal_box=\box55
) (main.aux

LaTeX Warning: Label `obr:systemJedna' multiply defined.

)
\openout1 = `main.aux'.

LaTeX Font Info:    Checking defaults for OML/cmm/m/it on input line 71.
LaTeX Font Info:    ... okay on input line 71.
LaTeX Font Info:    Checking defaults for OMS/cmsy/m/n on input line 71.
LaTeX Font Info:    ... okay on input line 71.
LaTeX Font Info:    Checking defaults for OT1/cmr/m/n on input line 71.
LaTeX Font Info:    ... okay on input line 71.
LaTeX Font Info:    Checking defaults for T1/cmr/m/n on input line 71.
LaTeX Font Info:    ... okay on input line 71.
LaTeX Font Info:    Checking defaults for TS1/cmr/m/n on input line 71.
LaTeX Font Info:    ... okay on input line 71.
LaTeX Font Info:    Checking defaults for OMX/cmex/m/n on input line 71.
LaTeX Font Info:    ... okay on input line 71.
LaTeX Font Info:    Checking defaults for U/cmr/m/n on input line 71.
LaTeX Font Info:    ... okay on input line 71.
LaTeX Font Info:    Checking defaults for PD1/pdf/m/n on input line 71.
LaTeX Font Info:    ... okay on input line 71.
LaTeX Font Info:    Checking defaults for PU/pdf/m/n on input line 71.
LaTeX Font Info:    ... okay on input line 71.

*geometry* driver: auto-detecting
*geometry* detected driver: pdftex
*geometry* verbose mode - [ preamble ] result:
* driver: pdftex
* paper: a4paper
* layout: <same size as paper>
* layoutoffset:(h,v)=(0.0pt,0.0pt)
* modes: twoside 
* h-part:(L,W,R)=(99.58464pt, 441.01773pt, 56.9055pt)
* v-part:(T,H,B)=(71.13188pt, 702.78308pt, 71.13188pt)
* \paperwidth=597.50787pt
* \paperheight=845.04684pt
* \textwidth=441.01773pt
* \textheight=702.78308pt
* \oddsidemargin=27.31465pt
* \evensidemargin=-15.36449pt
* \topmargin=-33.0119pt
* \headheight=12.0pt
* \headsep=19.8738pt
* \topskip=12.0pt
* \footskip=30.0pt
* \marginparwidth=98.0pt
* \marginparsep=7.0pt
* \columnsep=10.0pt
* \skip\footins=10.8pt plus 4.0pt minus 2.0pt
* \hoffset=0.0pt
* \voffset=0.0pt
* \mag=1000
* \@twocolumnfalse
* \@twosidetrue
* \@mparswitchtrue
* \@reversemarginfalse
* (1in=72.27pt=25.4mm, 1cm=28.453pt)

\c@lstlisting=\count293

(C:\Users\majko\AppData\Local\Programs\MiKTeX\tex/context/base/mkii\supp-pdf.mk
ii
[Loading MPS to PDF converter (version 2006.09.02).]
\scratchcounter=\count294
\scratchdimen=\dimen168
\scratchbox=\box56
\nofMPsegments=\count295
\nofMParguments=\count296
\everyMPshowfont=\toks24
\MPscratchCnt=\count297
\MPscratchDim=\dimen169
\MPnumerator=\count298
\makeMPintoPDFobject=\count299
\everyMPtoPDFconversion=\toks25
)
(C:\Users\majko\AppData\Local\Programs\MiKTeX\tex/latex/epstopdf-pkg\epstopdf-b
ase.sty
Package: epstopdf-base 2020-01-24 v2.11 Base part for package epstopdf
Package epstopdf-base Info: Redefining graphics rule for `.eps' on input line 4
85.

(C:\Users\majko\AppData\Local\Programs\MiKTeX\tex/latex/00miktex\epstopdf-sys.c
fg
File: epstopdf-sys.cfg 2021/03/18 v2.0 Configuration of epstopdf for MiKTeX
))
(C:\Users\majko\AppData\Local\Programs\MiKTeX\tex/latex/pdflscape\pdflscape.sty
Package: pdflscape 2022-10-27 v0.13 Display of landscape pages in PDF

(C:\Users\majko\AppData\Local\Programs\MiKTeX\tex/latex/pdflscape\pdflscape-nom
etadata.sty
Package: pdflscape-nometadata 2022-10-28 v0.13 Display of landscape pages in PD
F (HO)

(C:\Users\majko\AppData\Local\Programs\MiKTeX\tex/latex/graphics\lscape.sty
Package: lscape 2020/05/28 v3.02 Landscape Pages (DPC)
)
Package pdflscape Info: Auto-detected driver: pdftex on input line 81.
))
Package hyperref Info: Link coloring OFF on input line 71.

(main.out) (main.out)
\@outlinefile=\write3
\openout3 = `main.out'.

 [1


{C:/Users/majko/AppData/Local/MiKTeX/fonts/map/pdftex/pdftex.map}] [2

]
LaTeX Font Info:    External font `cmex10' loaded for size
(Font)              <12> on input line 122.
LaTeX Font Info:    External font `cmex10' loaded for size
(Font)              <8> on input line 122.
LaTeX Font Info:    External font `cmex10' loaded for size
(Font)              <6> on input line 122.
 [3] [4

]
<images/zadanie-zp_172972.pdf, id=243, 597.50731pt x 845.04607pt>
File: images/zadanie-zp_172972.pdf Graphic file (type pdf)
<use images/zadanie-zp_172972.pdf>
Package pdftex.def Info: images/zadanie-zp_172972.pdf  used on input line 149.
(pdftex.def)             Requested size: 597.50584pt x 845.044pt.
File: images/zadanie-zp_172972.pdf Graphic file (type pdf)
<use images/zadanie-zp_172972.pdf>
Package pdftex.def Info: images/zadanie-zp_172972.pdf  used on input line 149.
(pdftex.def)             Requested size: 597.50584pt x 845.044pt.
<images/zadanie-zp_172972.pdf, id=246, page=1, 597.50731pt x 845.04607pt>
File: images/zadanie-zp_172972.pdf Graphic file (type pdf)
<use images/zadanie-zp_172972.pdf, page 1>
Package pdftex.def Info: images/zadanie-zp_172972.pdf , page1 used on input lin
e 149.
(pdftex.def)             Requested size: 597.50584pt x 845.044pt.
File: images/zadanie-zp_172972.pdf Graphic file (type pdf)
<use images/zadanie-zp_172972.pdf, page 1>
Package pdftex.def Info: images/zadanie-zp_172972.pdf , page1 used on input lin
e 149.
(pdftex.def)             Requested size: 597.53319pt x 845.08269pt.
File: images/zadanie-zp_172972.pdf Graphic file (type pdf)
<use images/zadanie-zp_172972.pdf, page 1>
Package pdftex.def Info: images/zadanie-zp_172972.pdf , page1 used on input lin
e 149.
(pdftex.def)             Requested size: 597.53319pt x 845.08269pt.
File: images/zadanie-zp_172972.pdf Graphic file (type pdf)
<use images/zadanie-zp_172972.pdf, page 1>
Package pdftex.def Info: images/zadanie-zp_172972.pdf , page1 used on input lin
e 149.
(pdftex.def)             Requested size: 597.53319pt x 845.08269pt.

pdfTeX warning (ext4): destination with the same identifier (name{page.ii}) has
 been already used, duplicate ignored
<to be read again> 
                   \relax 
l.149 \includepdf{images/zadanie-zp_172972.pdf}
                                               
File: images/zadanie-zp_172972.pdf Graphic file (type pdf)
<use images/zadanie-zp_172972.pdf, page 1>
Package pdftex.def Info: images/zadanie-zp_172972.pdf , page1 used on input lin
e 149.
(pdftex.def)             Requested size: 597.53319pt x 845.08269pt.
 [2 <./images/zadanie-zp_172972.pdf>]
pdfTeX warning (ext4): destination with the same identifier (name{page.iii}) ha
s been already used, duplicate ignored
<to be read again> 
                   \relax 
l.169 \newpage
               [3]
pdfTeX warning (ext4): destination with the same identifier (name{page.iv}) has
 been already used, duplicate ignored
<to be read again> 
                   \relax 
l.182 \newpage
               [4] [5] [6

] (main.toc [7])
\tf@toc=\write4
\openout4 = `main.toc'.

 [8] (main.lof)
\tf@lof=\write5
\openout5 = `main.lof'.

 [9

] [10

] (uvod.tex
<images/system_jedna_sprava.png, id=403, 1104.125pt x 451.6875pt>
File: images/system_jedna_sprava.png Graphic file (type png)
<use images/system_jedna_sprava.png>
Package pdftex.def Info: images/system_jedna_sprava.png  used on input line 15.

(pdftex.def)             Requested size: 352.81552pt x 144.33618pt.

[1

 <./images/system_jedna_sprava.png>]
<images/system_viac_sprav.png, id=410, 1104.125pt x 451.6875pt>
File: images/system_viac_sprav.png Graphic file (type png)
<use images/system_viac_sprav.png>
Package pdftex.def Info: images/system_viac_sprav.png  used on input line 27.
(pdftex.def)             Requested size: 352.81552pt x 144.33618pt.
) (inePrace.tex [2 <./images/system_viac_sprav.png>]
Kapitola 1.
[3

] [4]) (sprava.tex [5] [6]
Kapitola 2.
<images/vyzor_spravy.jpg, id=447, 398.48875pt x 563.60562pt>
File: images/vyzor_spravy.jpg Graphic file (type jpg)
<use images/vyzor_spravy.jpg>
Package pdftex.def Info: images/vyzor_spravy.jpg  used on input line 21.
(pdftex.def)             Requested size: 176.40439pt x 249.50082pt.
[7

] [8 <./images/vyzor_spravy.jpg>] [9] [10]
<images/vyzor_spravy_vylepsena.png, id=468, 597.73312pt x 845.40843pt>
File: images/vyzor_spravy_vylepsena.png Graphic file (type png)
<use images/vyzor_spravy_vylepsena.png>
Package pdftex.def Info: images/vyzor_spravy_vylepsena.png  used on input line 
102.
(pdftex.def)             Requested size: 176.40439pt x 249.49652pt.

Underfull \vbox (badness 10000) has occurred while \output is active []

 [11 <./images/vyzor_spravy_vylepsena.png>]) (ziskavanie.tex [12]
Kapitola 3.

Underfull \vbox (badness 6691) has occurred while \output is active []

 [13

]
<images/hlavicka_a.png, id=489, 642.90187pt x 76.78688pt>
File: images/hlavicka_a.png Graphic file (type png)
<use images/hlavicka_a.png>
Package pdftex.def Info: images/hlavicka_a.png  used on input line 39.
(pdftex.def)             Requested size: 396.91325pt x 47.40817pt.
<images/hlavicka_b.png, id=490, 738.76pt x 71.76813pt>
File: images/hlavicka_b.png Graphic file (type png)
<use images/hlavicka_b.png>
Package pdftex.def Info: images/hlavicka_b.png  used on input line 49.
(pdftex.def)             Requested size: 441.01773pt x 42.84326pt.

[14] [15 <./images/hlavicka_a.png> <./images/hlavicka_b.png>] [16] [17]
<images/protilatky.png, id=522, 830.10126pt x 335.75438pt>
File: images/protilatky.png Graphic file (type png)
<use images/protilatky.png>
Package pdftex.def Info: images/protilatky.png  used on input line 109.
(pdftex.def)             Requested size: 441.01773pt x 178.37932pt.
<images/protilatky_highlight.png, id=524, 830.10126pt x 335.75438pt>
File: images/protilatky_highlight.png Graphic file (type png)
<use images/protilatky_highlight.png>
Package pdftex.def Info: images/protilatky_highlight.png  used on input line 12
1.
(pdftex.def)             Requested size: 441.01773pt x 178.37932pt.


LaTeX Warning: No positions in optional float specifier.
               Default added (so using `tbp') on input line 130.


Overfull \hbox (1.23769pt too wide) in paragraph at lines 133--143
[][] 
 []


Underfull \vbox (badness 1552) has occurred while \output is active []

 [18 <./images/protilatky.png>] [19 <./images/protilatky_highlight.png>] [20] [
21] [22]
Underfull \vbox (badness 5592) has occurred while \output is active []

 [23]
<images/log_subor.png, id=564, 809.52437pt x 79.79813pt>
File: images/log_subor.png Graphic file (type png)
<use images/log_subor.png>
Package pdftex.def Info: images/log_subor.png  used on input line 198.
(pdftex.def)             Requested size: 441.01773pt x 43.47388pt.
)
(analyza.tex [24 <./images/log_subor.png>]
Kapitola 4.

Underfull \vbox (badness 1708) has occurred while \output is active []

 [25

]
[26] [27] [28] [29] [30]
Underfull \hbox (badness 10000) in paragraph at lines 116--116
[]\T1/cmr/bx/n/10 Percento
 []


Underfull \hbox (badness 10000) in paragraph at lines 117--117
[]\T1/cmr/bx/n/10 Percento
 []


Underfull \hbox (badness 10000) in paragraph at lines 119--119
[]\T1/cmr/bx/n/10 Percento
 []


Underfull \hbox (badness 10000) in paragraph at lines 120--121
[]\T1/cmr/bx/n/10 Percento
 []


Overfull \hbox (3.45842pt too wide) in paragraph at lines 168--168
[]\T1/cmr/m/n/10 Oxygenoterapia| 
 []


Overfull \hbox (1.67172pt too wide) in paragraph at lines 109--213
[][] 
 []

[31]) [32] (modifikacie.tex [33] [34

]
Kapitola 5.

Overfull \hbox (2.02539pt too wide) in paragraph at lines 6--6
[]\T1/cmr/bx/n/17.28 Oddelenie h©a-da-ných in-for-má-cii od fun-kcii na h©a-
 []

[35]
<images/lieky_yaml.png, id=650, 222.33063pt x 17.56563pt>
File: images/lieky_yaml.png Graphic file (type png)
<use images/lieky_yaml.png>
Package pdftex.def Info: images/lieky_yaml.png  used on input line 22.
(pdftex.def)             Requested size: 220.50887pt x 17.42163pt.
<images/choroby_yaml.png, id=651, 551.05875pt x 15.55812pt>
File: images/choroby_yaml.png Graphic file (type png)
<use images/choroby_yaml.png>
Package pdftex.def Info: images/choroby_yaml.png  used on input line 32.
(pdftex.def)             Requested size: 463.06996pt x 13.07442pt.
<images/protilatky_yaml.png, id=652, 361.35pt x 61.73062pt>
File: images/protilatky_yaml.png Graphic file (type png)
<use images/protilatky_yaml.png>
Package pdftex.def Info: images/protilatky_yaml.png  used on input line 42.
(pdftex.def)             Requested size: 374.86775pt x 64.04007pt.

Underfull \vbox (badness 10000) has occurred while \output is active []

 [36]
[37 <./images/lieky_yaml.png> <./images/choroby_yaml.png> <./images/protilatky_
yaml.png>]) (zaver.tex [38] [39

]) [40] (main.bbl
LaTeX Font Info:    Trying to load font information for T1+cmtt on input line 3
9.

(C:\Users\majko\AppData\Local\Programs\MiKTeX\tex/latex/base\t1cmtt.fd
File: t1cmtt.fd 2022/07/10 v2.5l Standard LaTeX font definitions
)
Underfull \hbox (badness 10000) in paragraph at lines 37--42
[]\T1/cmr/m/n/12 Constructive he-uris-tic. in wi-ki-pe-dia, the free en-cyc-lo-
pe-dia.  []$\T1/cmtt/m/n/12 http :
 []


Underfull \hbox (badness 10000) in paragraph at lines 37--42
\T1/cmtt/m/n/12 / / en . wikipedia . org / w / index . php ? title = Constructi
ve % 20heuristic &
 []

[41



]) (appendixA.tex [42]) [43

] (main.aux)

LaTeX Warning: There were multiply-defined labels.

Package rerunfilecheck Info: File `main.out' has not changed.
(rerunfilecheck)             Checksum: 1E6A17F7F3881E86165063D7A035C3B5;10245.
 ) 
Here is how much of TeX's memory you used:
 13324 strings out of 476404
 213618 string characters out of 2789524
 1873324 words of memory out of 3000000
 33284 multiletter control sequences out of 15000+600000
 526919 words of font info for 58 fonts, out of 8000000 for 9000
 1141 hyphenation exceptions out of 8191
 75i,17n,76p,2035b,578s stack positions out of 10000i,1000n,20000p,200000b,80000s
 <C:\Users\majko\AppData\Local\MiKTeX\fonts/pk/ljfour/jknappen/ec/dpi600\ectt
1200.pk> <C:\Users\majko\AppData\Local\MiKTeX\fonts/pk/ljfour/jknappen/ec/dpi60
0\ecti1200.pk> <C:\Users\majko\AppData\Local\MiKTeX\fonts/pk/ljfour/jknappen/ec
/dpi600\ecrm1000.pk> <C:\Users\majko\AppData\Local\MiKTeX\fonts/pk/ljfour/jknap
pen/ec/dpi600\ecbx1000.pk> <C:\Users\majko\AppData\Local\MiKTeX\fonts/pk/ljfour
/jknappen/ec/dpi600\tcrm1200.pk> <C:\Users\majko\AppData\Local\MiKTeX\fonts/pk/
ljfour/jknappen/ec/dpi600\ecbx1440.pk> <C:\Users\majko\AppData\Local\MiKTeX\fon
ts/pk/ljfour/jknappen/ec/dpi600\ecsl1200.pk> <C:\Users\majko\AppData\Local\MiKT
eX\fonts/pk/ljfour/jknappen/ec/dpi600\ecbx2488.pk> <C:\Users\majko\AppData\Loca
l\MiKTeX\fonts/pk/ljfour/jknappen/ec/dpi600\ecbx1728.pk> <C:\Users\majko\AppDat
a\Local\MiKTeX\fonts/pk/ljfour/jknappen/ec/dpi600\ecbx1200.pk> <C:\Users\majko\
AppData\Local\MiKTeX\fonts/pk/ljfour/jknappen/ec/dpi600\ecrm1200.pk> <C:\Users\
majko\AppData\Local\MiKTeX\fonts/pk/ljfour/jknappen/ec/dpi600\eccc2074.pk> <C:\
Users\majko\AppData\Local\MiKTeX\fonts/pk/ljfour/jknappen/ec/dpi600\eccc1440.pk
>
Output written on main.pdf (56 pages, 1115411 bytes).
PDF statistics:
 1390 PDF objects out of 1440 (max. 8388607)
 173 named destinations out of 1000 (max. 500000)
 521 words of extra memory for PDF output out of 10000 (max. 10000000)

