\BOOKMARK [0][-]{chapter*.7}{\376\377\000\332\000v\000o\000d}{}% 1
\BOOKMARK [0][-]{chapter.1}{\376\377\000P\000o\000d\000o\000b\000n\000\351\000\040\000p\000r\000\341\000c\000e}{}% 2
\BOOKMARK [0][-]{chapter.2}{\376\377\000V\000s\000t\000u\000p\000n\000\351\000\040\000d\000\341\000t\000a\000\040\000a\000\040\000i\000c\000h\000\040\001\141\000t\000r\000u\000k\000t\000\372\000r\000a}{}% 3
\BOOKMARK [1][-]{section.2.1}{\376\377\000Z\000d\000r\000o\000j\000\040\000d\000\341\000t}{chapter.2}% 4
\BOOKMARK [1][-]{section.2.2}{\376\377\000V\000\375\000z\000o\000r\000\040\000v\000s\000t\000u\000p\000n\000\375\000c\000h\000\040\000d\000\341\000t}{chapter.2}% 5
\BOOKMARK [2][-]{subsection.2.2.1}{\376\377\000B\000l\000o\000k\000\040\000A\000\040\000-\000\040\000O\000s\000o\000b\000n\000\351\000\040\000\372\000d\000a\000j\000e\000\040\000a\000\040\000o\000b\000d\000o\000b\000i\000e\000\040\000h\000o\000s\000p\000i\000t\000a\000l\000i\000z\000\341\000c\000i\000e}{section.2.2}% 6
\BOOKMARK [2][-]{subsection.2.2.2}{\376\377\000B\000l\000o\000k\000\040\000B\000\040\000-\000\040\000A\000n\000a\000m\000n\000\351\000z\000a}{section.2.2}% 7
\BOOKMARK [2][-]{subsection.2.2.3}{\376\377\000B\000l\000o\000k\000\040\000C\000\040\000-\000\040\000V\000y\001\141\000e\000t\000r\000e\000n\000i\000a}{section.2.2}% 8
\BOOKMARK [2][-]{subsection.2.2.4}{\376\377\000B\000l\000o\000k\000\040\000D\000\040\000-\000\040\000T\000e\000r\000a\000p\000i\000a}{section.2.2}% 9
\BOOKMARK [2][-]{subsection.2.2.5}{\376\377\000B\000l\000o\000k\000\040\000E\000\040\000-\000\040\000E\000p\000i\000k\000r\000\355\000z\000a}{section.2.2}% 10
\BOOKMARK [2][-]{subsection.2.2.6}{\376\377\000B\000l\000o\000k\000\040\000F\000\040\000-\000\040\000Z\000\341\000v\000e\000r\000,\000\040\000o\000d\000p\000o\000r\000\372\001\015\000a\000n\000i\000a\000,\000\040\001\141\000p\000e\000c\000i\000f\000i\000c\000k\000\351\000\040\000n\000\341\000l\000e\000z\000y}{section.2.2}% 11
\BOOKMARK [2][-]{subsection.2.2.7}{\376\377\000B\000l\000o\000k\000\040\000G\000\040\000-\000\040\000K\000r\000v\000n\000\351\000\040\000v\000\375\000s\000l\000e\000d\000k\000y}{section.2.2}% 12
\BOOKMARK [1][-]{section.2.3}{\376\377\000P\000r\000o\000b\000l\000\351\000m\000y\000\040\000p\000r\000i\000\040\000r\000o\000z\000d\000e\000l\000e\000n\000\355\000\040\000d\000\341\000t\000\040\000n\000a\000\040\000b\000l\000o\000k\000y}{chapter.2}% 13
\BOOKMARK [2][-]{subsection.2.3.1}{\376\377\000P\000r\000o\000b\000l\000\351\000m\000\040\000n\000e\000n\000\341\000j\000d\000e\000n\000\375\000c\000h\000\040\000b\000l\000o\000k\000o\000v}{section.2.3}% 14
\BOOKMARK [2][-]{subsection.2.3.2}{\376\377\000P\000r\000o\000b\000l\000\351\000m\000\040\000n\000e\000s\000p\000r\000\341\000v\000n\000e\000\040\000u\000m\000i\000e\000s\000t\000n\000e\000n\000\375\000c\000h\000\040\000d\000\341\000t}{section.2.3}% 15
\BOOKMARK [1][-]{section.2.4}{\376\377\000R\000i\000e\001\141\000e\000n\000i\000a\000\040\000p\000r\000o\000b\000l\000\351\000m\000o\000v\000\040\000s\000\040\000r\000o\000z\000d\000e\000l\000e\000n\000\355\000m\000\040\000d\000\341\000t\000\040\000d\000o\000\040\000b\000l\000o\000k\000o\000v}{chapter.2}% 16
\BOOKMARK [2][-]{subsection.2.4.1}{\376\377\000H\000o\000m\000o\000g\000\351\000n\000n\000y\000\040\000t\000e\000x\000t}{section.2.4}% 17
\BOOKMARK [2][-]{subsection.2.4.2}{\376\377\000M\000e\000n\000e\000j\000\040\000v\000\344\001\015\001\141\000\355\000c\000h\000\040\000b\000l\000o\000k\000o\000v}{section.2.4}% 18
\BOOKMARK [1][-]{section.2.5}{\376\377\000P\000r\000e\000d\000s\000p\000r\000a\000c\000o\000v\000a\000n\000\351\000\040\000d\000\341\000t\000a}{chapter.2}% 19
\BOOKMARK [0][-]{chapter.3}{\376\377\000Z\000\355\000s\000k\000a\000v\000a\000n\000i\000e\000\040\000d\000\341\000t}{}% 20
\BOOKMARK [1][-]{section.3.1}{\376\377\000V\001\141\000e\000o\000b\000e\000c\000n\000\375\000\040\000p\000o\000s\000t\000u\000p}{chapter.3}% 21
\BOOKMARK [1][-]{section.3.2}{\376\377\000V\000s\000t\000u\000p\000n\000\375\000\040\000s\000\372\000b\000o\000r\000\040\000a\000\040\000j\000e\000h\000o\000\040\001\015\000\355\000t\000a\000n\000i\000e}{chapter.3}% 22
\BOOKMARK [1][-]{section.3.3}{\376\377\000O\000s\000o\000b\000n\000\351\000\040\000\372\000d\000a\000j\000e\000\040\000p\000a\000c\000i\000e\000n\000t\000a\000\040\000a\000\040\000o\000b\000d\000o\000b\000i\000e\000\040\000h\000o\000s\000p\000i\000t\000a\000l\000i\000z\000\341\000c\000i\000e}{chapter.3}% 23
\BOOKMARK [1][-]{section.3.4}{\376\377\000J\000I\000S\000\040\000a\000\040\000s\000m\000r\001\145}{chapter.3}% 24
\BOOKMARK [1][-]{section.3.5}{\376\377\000V\000\375\001\141\000k\000a\000\040\000a\000\040\000v\000\341\000h\000a}{chapter.3}% 25
\BOOKMARK [1][-]{section.3.6}{\376\377\000S\000a\000t\000u\000r\000\341\000c\000i\000a\000\040\000k\000r\000v\000i\000\040\000k\000y\000s\000l\000\355\000k\000o\000m\000\040\000p\000r\000i\000\040\000p\000r\000i\000j\000a\000t\000\355}{chapter.3}% 26
\BOOKMARK [1][-]{section.3.7}{\376\377\000P\000r\000o\000t\000i\000l\000\341\000t\000k\000y\000\040\000p\000r\000o\000t\000i\000\040\000v\000\355\000r\000u\000s\000u\000\040\000S\000A\000R\000S\000-\000C\000o\000V\000-\0002\000\040\000p\000r\000i\000\040\000p\000r\000i\000j\000a\000t\000\355}{chapter.3}% 27
\BOOKMARK [1][-]{section.3.8}{\376\377\000O\000x\000y\000g\000e\000n\000o\000t\000e\000r\000a\000p\000i\000a}{chapter.3}% 28
\BOOKMARK [1][-]{section.3.9}{\376\377\000L\000i\000e\000k\000y}{chapter.3}% 29
\BOOKMARK [1][-]{section.3.10}{\376\377\000C\000h\000o\000r\000o\000b\000y\000\040\000p\000a\000c\000i\000e\000n\000t\000a}{chapter.3}% 30
\BOOKMARK [1][-]{section.3.11}{\376\377\000K\000r\000v\000n\000\351\000\040\000v\000\375\000s\000l\000e\000d\000k\000y}{chapter.3}% 31
\BOOKMARK [1][-]{section.3.12}{\376\377\000C\000h\000\375\000b\000a\000j\000\372\000c\000e\000\040\001\015\000a\000s\000t\000i\000\040\000v\000s\000t\000u\000p\000u}{chapter.3}% 32
\BOOKMARK [1][-]{section.3.13}{\376\377\000V\000\375\000s\000t\000u\000p\000n\000\351\000\040\000s\000\372\000b\000o\000r\000y}{chapter.3}% 33
\BOOKMARK [0][-]{chapter.4}{\376\377\000C\000h\000y\000b\000o\000v\000o\000s\001\145\000\040\000s\000y\000s\000t\000\351\000m\000u}{}% 34
\BOOKMARK [1][-]{section.4.1}{\376\377\000V\000a\000l\000i\000d\000a\001\015\000n\000\351\000\040\000d\000\341\000t\000a}{chapter.4}% 35
\BOOKMARK [1][-]{section.4.2}{\376\377\001\014\000a\000s\000o\000v\000\341\000\040\000n\000\341\000r\000o\001\015\000n\000o\000s\001\145}{chapter.4}% 36
\BOOKMARK [1][-]{section.4.3}{\376\377\000C\000h\000y\000b\000o\000v\000o\000s\001\145\000\040\000j\000e\000d\000n\000o\000t\000l\000i\000v\000\375\000c\000h\000\040\000s\000k\000u\000p\000\355\000n\000\040\000z\000\355\000s\000k\000a\000v\000a\000n\000\375\000c\000h}{chapter.4}% 37
\BOOKMARK [2][-]{subsection.4.3.1}{\376\377\000O\000s\000o\000b\000n\000\351\000\040\000\372\000d\000a\000j\000e\000\040\000p\000a\000c\000i\000e\000n\000t\000a\000\040\000a\000\040\000o\000b\000d\000o\000b\000i\000e\000\040\000h\000o\000s\000p\000i\000t\000a\000l\000i\000z\000\341\000c\000i\000e}{section.4.3}% 38
\BOOKMARK [2][-]{subsection.4.3.2}{\376\377\000J\000I\000S\000\040\000a\000\040\000s\000m\000r\001\145}{section.4.3}% 39
\BOOKMARK [2][-]{subsection.4.3.3}{\376\377\000V\000\375\001\141\000k\000a\000\040\000a\000\040\000v\000\341\000h\000a}{section.4.3}% 40
\BOOKMARK [2][-]{subsection.4.3.4}{\376\377\000S\000a\000t\000u\000r\000\341\000c\000i\000a\000\040\000k\000r\000v\000i\000\040\000k\000y\000s\000l\000\355\000k\000o\000m\000\040\000p\000r\000i\000\040\000p\000r\000i\000j\000a\000t\000\355}{section.4.3}% 41
\BOOKMARK [2][-]{subsection.4.3.5}{\376\377\000P\000r\000o\000t\000i\000l\000\341\000t\000k\000y\000\040\000p\000r\000o\000t\000i\000\040\000v\000\355\000r\000u\000s\000u\000\040\000S\000A\000R\000S\000-\000C\000o\000V\000-\0002\000\040\000p\000r\000i\000\040\000p\000r\000i\000j\000a\000t\000\355}{section.4.3}% 42
\BOOKMARK [2][-]{subsection.4.3.6}{\376\377\000O\000x\000y\000g\000e\000n\000o\000t\000e\000r\000a\000p\000i\000a}{section.4.3}% 43
\BOOKMARK [2][-]{subsection.4.3.7}{\376\377\000L\000i\000e\000k\000y}{section.4.3}% 44
\BOOKMARK [2][-]{subsection.4.3.8}{\376\377\000C\000h\000o\000r\000o\000b\000y\000\040\000p\000a\000c\000i\000e\000n\000t\000a}{section.4.3}% 45
\BOOKMARK [2][-]{subsection.4.3.9}{\376\377\000K\000r\000v\000n\000\351\000\040\000v\000\375\000s\000l\000e\000d\000k\000y}{section.4.3}% 46
\BOOKMARK [1][-]{section.4.4}{\376\377\000C\000e\000l\000k\000o\000v\000\341\000\040\000c\000h\000y\000b\000o\000v\000o\000s\001\145}{chapter.4}% 47
\BOOKMARK [1][-]{section.4.5}{\376\377\001\075\000u\000d\000s\000k\000\341\000\040\000c\000h\000y\000b\000a}{chapter.4}% 48
\BOOKMARK [1][-]{section.4.6}{\376\377\000C\000e\000l\000k\000o\000v\000\351\000\040\000z\000h\000o\000d\000n\000o\000t\000e\000n\000i\000e}{chapter.4}% 49
\BOOKMARK [1][-]{section.4.7}{\376\377\000Z\000l\000e\000p\001\141\000e\000n\000i\000a}{chapter.4}% 50
\BOOKMARK [0][-]{chapter.5}{\376\377\000V\000y\000u\001\176\000i\000t\000i\000e\000\040\000v\000\040\000p\000r\000a\000x\000i}{}% 51
\BOOKMARK [0][-]{chapter.6}{\376\377\000Z\000o\000v\001\141\000e\000o\000b\000e\000c\000n\000e\000n\000i\000e\000\040\000s\000o\000f\000v\000\351\000r\000u}{}% 52
\BOOKMARK [1][-]{section.6.1}{\376\377\000O\000d\000d\000e\000l\000e\000n\000i\000e\000\040\000h\001\076\000a\000d\000a\000n\000\375\000c\000h\000\040\000i\000n\000f\000o\000r\000m\000\341\000c\000i\000i\000\040\000o\000d\000\040\000f\000u\000n\000k\000c\000i\000i\000\040\000n\000a\000\040\000h\001\076\000a\000d\000a\000n\000i\000e}{chapter.6}% 53
\BOOKMARK [1][-]{section.6.2}{\376\377\000O\000b\000s\000a\000h\000\040\000Y\000A\000M\000L\000\040\000s\000\372\000b\000o\000r\000u}{chapter.6}% 54
\BOOKMARK [1][-]{section.6.3}{\376\377\000S\000p\000\364\000s\000o\000b\000\040\000m\000o\000d\000i\000f\000i\000k\000\341\000c\000i\000e\000\040\000p\000o\000u\001\176\000\355\000v\000a\000t\000e\001\076\000o\000m}{chapter.6}% 55
\BOOKMARK [1][-]{section.6.4}{\376\377\000M\000o\001\176\000n\000o\000s\000t\000i\000\040\001\017\000a\000l\001\141\000i\000e\000h\000o\000\040\000v\000y\000l\000e\000p\001\141\000e\000n\000i\000a}{chapter.6}% 56
\BOOKMARK [2][-]{subsection.6.4.1}{\376\377\000U\000r\001\015\000e\000n\000i\000e\000\040\000p\000r\000o\000b\000l\000\351\000m\000o\000v}{section.6.4}% 57
\BOOKMARK [2][-]{subsection.6.4.2}{\376\377\000P\000r\000o\000b\000l\000\351\000m\000\040\000z\000n\000a\000l\000o\000s\000t\000i\000\040\000s\000p\000\364\000s\000o\000b\000u\000\040\000z\000\341\000p\000i\000s\000u\000\040\000i\000n\000f\000o\000r\000m\000\341\000c\000i\000e\000\040\000a\000\040\000r\000e\000g\000u\000l\000\341\000r\000n\000y\000c\000h\000\040\000v\000\375\000r\000a\000z\000o\000v}{section.6.4}% 58
\BOOKMARK [2][-]{subsection.6.4.3}{\376\377\000P\000r\000o\000b\000l\000\351\000m\000\040\000z\000n\000a\000l\000o\000s\000t\000i\000\040\000Y\000A\000M\000L\000\040\000f\000o\000r\000m\000\341\000t\000u}{section.6.4}% 59
\BOOKMARK [0][-]{chapter*.8}{\376\377\000Z\000\341\000v\000e\000r}{}% 60
\BOOKMARK [0][-]{chapter*.10}{\376\377\000P\000r\000\355\000l\000o\000h\000a\000\040\000A}{}% 61
\BOOKMARK [0][-]{chapter*.11}{\376\377\000P\000r\000\355\000l\000o\000h\000a\000\040\000B}{}% 62
